Already up to date.
Already up to date.
Already up to date.
Already up to date.
Already up to date.
Already up to date.
Already up to date.
Updating 45ec23a..b7b221b
Updating 45ec23a..b7b221b
Updating 45ec23a..b7b221b
[main 3df17a8] Latest Index Update
 Committer: root <root@DESKTOP-HOB3O8I.localdomain>
Your name and email address were configured automatically based
on your username and hostname. Please check that they are accurate.
You can suppress this message by setting them explicitly. Run the
following command and follow the instructions in your editor to edit
your configuration file:

    git config --global --edit

After doing this, you may fix the identity used for this commit with:

    git commit --amend --reset-author

Already up to date.
On branch main
Your branch is up to date with 'origin/main'.

nothing to commit, working tree clean
Already up to date.
